localhost - - [06/Mar/2017:22:20:11] "GET / HTTP/1.1" 200 54 "" "Mozilla/5.0 (X11; Linux x86_64) AppleWebKit/537.36 (KHTML, like Gecko) Chrome/56.0.2924.87 Safari/537.36"
localhost - - [06/Mar/2017:22:20:30] "GET / HTTP/1.1" 200 54 "" "Mozilla/5.0 (X11; Linux x86_64) AppleWebKit/537.36 (KHTML, like Gecko) Chrome/56.0.2924.87 Safari/537.36"
localhost - - [06/Mar/2017:22:20:30] "GET /favicon.ico HTTP/1.1" 404 744 "http://localhost:8080/" "Mozilla/5.0 (X11; Linux x86_64) AppleWebKit/537.36 (KHTML, like Gecko) Chrome/56.0.2924.87 Safari/537.36"
localhost - - [06/Mar/2017:22:21:50] "GET / HTTP/1.1" 200 10283 "" "Mozilla/5.0 (X11; Linux x86_64) AppleWebKit/537.36 (KHTML, like Gecko) Chrome/56.0.2924.87 Safari/537.36"
localhost - - [06/Mar/2017:22:21:50] "GET /css/new-age.min.css HTTP/1.1" 404 752 "http://localhost:8080/" "Mozilla/5.0 (X11; Linux x86_64) AppleWebKit/537.36 (KHTML, like Gecko) Chrome/56.0.2924.87 Safari/537.36"
localhost - - [06/Mar/2017:22:21:50] "GET /js/jquery.min.js HTTP/1.1" 404 749 "http://localhost:8080/" "Mozilla/5.0 (X11; Linux x86_64) AppleWebKit/537.36 (KHTML, like Gecko) Chrome/56.0.2924.87 Safari/537.36"
localhost - - [06/Mar/2017:22:21:50] "GET /js/new-age.min.js HTTP/1.1" 404 750 "http://localhost:8080/" "Mozilla/5.0 (X11; Linux x86_64) AppleWebKit/537.36 (KHTML, like Gecko) Chrome/56.0.2924.87 Safari/537.36"
localhost - - [06/Mar/2017:22:21:50] "GET /img/demo-screen-1.jpg HTTP/1.1" 404 754 "http://localhost:8080/" "Mozilla/5.0 (X11; Linux x86_64) AppleWebKit/537.36 (KHTML, like Gecko) Chrome/56.0.2924.87 Safari/537.36"
localhost - - [06/Mar/2017:22:21:50] "GET /img/google-play-badge.svg HTTP/1.1" 404 758 "http://localhost:8080/" "Mozilla/5.0 (X11; Linux x86_64) AppleWebKit/537.36 (KHTML, like Gecko) Chrome/56.0.2924.87 Safari/537.36"
localhost - - [06/Mar/2017:22:21:50] "GET /img/app-store-badge.svg HTTP/1.1" 404 756 "http://localhost:8080/" "Mozilla/5.0 (X11; Linux x86_64) AppleWebKit/537.36 (KHTML, like Gecko) Chrome/56.0.2924.87 Safari/537.36"
localhost - - [06/Mar/2017:22:21:51] "GET /favicon.ico HTTP/1.1" 404 744 "http://localhost:8080/" "Mozilla/5.0 (X11; Linux x86_64) AppleWebKit/537.36 (KHTML, like Gecko) Chrome/56.0.2924.87 Safari/537.36"
localhost - - [06/Mar/2017:22:23:48] "GET / HTTP/1.1" 200 10283 "" "Mozilla/5.0 (X11; Linux x86_64) AppleWebKit/537.36 (KHTML, like Gecko) Chrome/56.0.2924.87 Safari/537.36"
localhost - - [06/Mar/2017:22:23:48] "GET /css/new-age.min.css HTTP/1.1" 404 752 "http://localhost:8080/" "Mozilla/5.0 (X11; Linux x86_64) AppleWebKit/537.36 (KHTML, like Gecko) Chrome/56.0.2924.87 Safari/537.36"
localhost - - [06/Mar/2017:22:23:48] "GET /img/demo-screen-1.jpg HTTP/1.1" 404 754 "http://localhost:8080/" "Mozilla/5.0 (X11; Linux x86_64) AppleWebKit/537.36 (KHTML, like Gecko) Chrome/56.0.2924.87 Safari/537.36"
localhost - - [06/Mar/2017:22:23:48] "GET /js/jquery.min.js HTTP/1.1" 404 749 "http://localhost:8080/" "Mozilla/5.0 (X11; Linux x86_64) AppleWebKit/537.36 (KHTML, like Gecko) Chrome/56.0.2924.87 Safari/537.36"
localhost - - [06/Mar/2017:22:23:48] "GET /img/google-play-badge.svg HTTP/1.1" 404 758 "http://localhost:8080/" "Mozilla/5.0 (X11; Linux x86_64) AppleWebKit/537.36 (KHTML, like Gecko) Chrome/56.0.2924.87 Safari/537.36"
localhost - - [06/Mar/2017:22:23:48] "GET /img/app-store-badge.svg HTTP/1.1" 404 756 "http://localhost:8080/" "Mozilla/5.0 (X11; Linux x86_64) AppleWebKit/537.36 (KHTML, like Gecko) Chrome/56.0.2924.87 Safari/537.36"
localhost - - [06/Mar/2017:22:23:48] "GET /js/new-age.min.js HTTP/1.1" 404 750 "http://localhost:8080/" "Mozilla/5.0 (X11; Linux x86_64) AppleWebKit/537.36 (KHTML, like Gecko) Chrome/56.0.2924.87 Safari/537.36"
localhost - - [06/Mar/2017:22:23:48] "GET /favicon.ico HTTP/1.1" 404 744 "http://localhost:8080/" "Mozilla/5.0 (X11; Linux x86_64) AppleWebKit/537.36 (KHTML, like Gecko) Chrome/56.0.2924.87 Safari/537.36"
localhost - - [06/Mar/2017:22:23:49] "GET / HTTP/1.1" 200 10283 "" "Mozilla/5.0 (X11; Linux x86_64) AppleWebKit/537.36 (KHTML, like Gecko) Chrome/56.0.2924.87 Safari/537.36"
localhost - - [06/Mar/2017:22:23:49] "GET /css/new-age.min.css HTTP/1.1" 404 752 "http://localhost:8080/" "Mozilla/5.0 (X11; Linux x86_64) AppleWebKit/537.36 (KHTML, like Gecko) Chrome/56.0.2924.87 Safari/537.36"
localhost - - [06/Mar/2017:22:23:49] "GET /js/jquery.min.js HTTP/1.1" 404 749 "http://localhost:8080/" "Mozilla/5.0 (X11; Linux x86_64) AppleWebKit/537.36 (KHTML, like Gecko) Chrome/56.0.2924.87 Safari/537.36"
localhost - - [06/Mar/2017:22:23:49] "GET /js/new-age.min.js HTTP/1.1" 404 750 "http://localhost:8080/" "Mozilla/5.0 (X11; Linux x86_64) AppleWebKit/537.36 (KHTML, like Gecko) Chrome/56.0.2924.87 Safari/537.36"
localhost - - [06/Mar/2017:22:23:49] "GET /img/demo-screen-1.jpg HTTP/1.1" 404 754 "http://localhost:8080/" "Mozilla/5.0 (X11; Linux x86_64) AppleWebKit/537.36 (KHTML, like Gecko) Chrome/56.0.2924.87 Safari/537.36"
localhost - - [06/Mar/2017:22:23:49] "GET /img/google-play-badge.svg HTTP/1.1" 404 758 "http://localhost:8080/" "Mozilla/5.0 (X11; Linux x86_64) AppleWebKit/537.36 (KHTML, like Gecko) Chrome/56.0.2924.87 Safari/537.36"
localhost - - [06/Mar/2017:22:23:49] "GET /img/app-store-badge.svg HTTP/1.1" 404 756 "http://localhost:8080/" "Mozilla/5.0 (X11; Linux x86_64) AppleWebKit/537.36 (KHTML, like Gecko) Chrome/56.0.2924.87 Safari/537.36"
localhost - - [06/Mar/2017:22:23:50] "GET /js/new-age.min.js HTTP/1.1" 404 750 "http://localhost:8080/" "Mozilla/5.0 (X11; Linux x86_64) AppleWebKit/537.36 (KHTML, like Gecko) Chrome/56.0.2924.87 Safari/537.36"
localhost - - [06/Mar/2017:22:23:50] "GET /favicon.ico HTTP/1.1" 404 744 "http://localhost:8080/" "Mozilla/5.0 (X11; Linux x86_64) AppleWebKit/537.36 (KHTML, like Gecko) Chrome/56.0.2924.87 Safari/537.36"
localhost - - [06/Mar/2017:22:23:50] "GET / HTTP/1.1" 200 10283 "" "Mozilla/5.0 (X11; Linux x86_64) AppleWebKit/537.36 (KHTML, like Gecko) Chrome/56.0.2924.87 Safari/537.36"
localhost - - [06/Mar/2017:22:23:50] "GET /css/new-age.min.css HTTP/1.1" 404 752 "http://localhost:8080/" "Mozilla/5.0 (X11; Linux x86_64) AppleWebKit/537.36 (KHTML, like Gecko) Chrome/56.0.2924.87 Safari/537.36"
localhost - - [06/Mar/2017:22:23:50] "GET /js/jquery.min.js HTTP/1.1" 404 749 "http://localhost:8080/" "Mozilla/5.0 (X11; Linux x86_64) AppleWebKit/537.36 (KHTML, like Gecko) Chrome/56.0.2924.87 Safari/537.36"
localhost - - [06/Mar/2017:22:23:50] "GET /js/new-age.min.js HTTP/1.1" 404 750 "http://localhost:8080/" "Mozilla/5.0 (X11; Linux x86_64) AppleWebKit/537.36 (KHTML, like Gecko) Chrome/56.0.2924.87 Safari/537.36"
localhost - - [06/Mar/2017:22:23:50] "GET /img/demo-screen-1.jpg HTTP/1.1" 404 754 "http://localhost:8080/" "Mozilla/5.0 (X11; Linux x86_64) AppleWebKit/537.36 (KHTML, like Gecko) Chrome/56.0.2924.87 Safari/537.36"
localhost - - [06/Mar/2017:22:23:50] "GET /img/google-play-badge.svg HTTP/1.1" 404 758 "http://localhost:8080/" "Mozilla/5.0 (X11; Linux x86_64) AppleWebKit/537.36 (KHTML, like Gecko) Chrome/56.0.2924.87 Safari/537.36"
localhost - - [06/Mar/2017:22:23:50] "GET /img/app-store-badge.svg HTTP/1.1" 404 756 "http://localhost:8080/" "Mozilla/5.0 (X11; Linux x86_64) AppleWebKit/537.36 (KHTML, like Gecko) Chrome/56.0.2924.87 Safari/537.36"
localhost - - [06/Mar/2017:22:23:50] "GET /js/new-age.min.js HTTP/1.1" 404 750 "http://localhost:8080/" "Mozilla/5.0 (X11; Linux x86_64) AppleWebKit/537.36 (KHTML, like Gecko) Chrome/56.0.2924.87 Safari/537.36"
localhost - - [06/Mar/2017:22:23:50] "GET /favicon.ico HTTP/1.1" 404 744 "http://localhost:8080/" "Mozilla/5.0 (X11; Linux x86_64) AppleWebKit/537.36 (KHTML, like Gecko) Chrome/56.0.2924.87 Safari/537.36"
localhost - - [06/Mar/2017:22:23:50] "GET / HTTP/1.1" 200 10283 "" "Mozilla/5.0 (X11; Linux x86_64) AppleWebKit/537.36 (KHTML, like Gecko) Chrome/56.0.2924.87 Safari/537.36"
localhost - - [06/Mar/2017:22:23:50] "GET /css/new-age.min.css HTTP/1.1" 404 752 "http://localhost:8080/" "Mozilla/5.0 (X11; Linux x86_64) AppleWebKit/537.36 (KHTML, like Gecko) Chrome/56.0.2924.87 Safari/537.36"
localhost - - [06/Mar/2017:22:23:50] "GET /js/jquery.min.js HTTP/1.1" 404 749 "http://localhost:8080/" "Mozilla/5.0 (X11; Linux x86_64) AppleWebKit/537.36 (KHTML, like Gecko) Chrome/56.0.2924.87 Safari/537.36"
localhost - - [06/Mar/2017:22:23:50] "GET /js/new-age.min.js HTTP/1.1" 404 750 "http://localhost:8080/" "Mozilla/5.0 (X11; Linux x86_64) AppleWebKit/537.36 (KHTML, like Gecko) Chrome/56.0.2924.87 Safari/537.36"
localhost - - [06/Mar/2017:22:23:50] "GET /img/demo-screen-1.jpg HTTP/1.1" 404 754 "http://localhost:8080/" "Mozilla/5.0 (X11; Linux x86_64) AppleWebKit/537.36 (KHTML, like Gecko) Chrome/56.0.2924.87 Safari/537.36"
localhost - - [06/Mar/2017:22:23:50] "GET /img/google-play-badge.svg HTTP/1.1" 404 758 "http://localhost:8080/" "Mozilla/5.0 (X11; Linux x86_64) AppleWebKit/537.36 (KHTML, like Gecko) Chrome/56.0.2924.87 Safari/537.36"
localhost - - [06/Mar/2017:22:23:50] "GET /img/app-store-badge.svg HTTP/1.1" 404 756 "http://localhost:8080/" "Mozilla/5.0 (X11; Linux x86_64) AppleWebKit/537.36 (KHTML, like Gecko) Chrome/56.0.2924.87 Safari/537.36"
localhost - - [06/Mar/2017:22:23:50] "GET /js/new-age.min.js HTTP/1.1" 404 750 "http://localhost:8080/" "Mozilla/5.0 (X11; Linux x86_64) AppleWebKit/537.36 (KHTML, like Gecko) Chrome/56.0.2924.87 Safari/537.36"
localhost - - [06/Mar/2017:22:23:50] "GET /favicon.ico HTTP/1.1" 404 744 "http://localhost:8080/" "Mozilla/5.0 (X11; Linux x86_64) AppleWebKit/537.36 (KHTML, like Gecko) Chrome/56.0.2924.87 Safari/537.36"
localhost - - [06/Mar/2017:22:24:27] "GET / HTTP/1.1" 200 10283 "" "Mozilla/5.0 (X11; Linux x86_64) AppleWebKit/537.36 (KHTML, like Gecko) Chrome/56.0.2924.87 Safari/537.36"
localhost - - [06/Mar/2017:22:24:27] "GET /css/new-age.min.css HTTP/1.1" 200 7746 "http://localhost:8080/" "Mozilla/5.0 (X11; Linux x86_64) AppleWebKit/537.36 (KHTML, like Gecko) Chrome/56.0.2924.87 Safari/537.36"
localhost - - [06/Mar/2017:22:24:27] "GET /js/jquery.min.js HTTP/1.1" 404 749 "http://localhost:8080/" "Mozilla/5.0 (X11; Linux x86_64) AppleWebKit/537.36 (KHTML, like Gecko) Chrome/56.0.2924.87 Safari/537.36"
localhost - - [06/Mar/2017:22:24:28] "GET /js/new-age.min.js HTTP/1.1" 404 750 "http://localhost:8080/" "Mozilla/5.0 (X11; Linux x86_64) AppleWebKit/537.36 (KHTML, like Gecko) Chrome/56.0.2924.87 Safari/537.36"
localhost - - [06/Mar/2017:22:24:28] "GET /img/demo-screen-1.jpg HTTP/1.1" 404 754 "http://localhost:8080/" "Mozilla/5.0 (X11; Linux x86_64) AppleWebKit/537.36 (KHTML, like Gecko) Chrome/56.0.2924.87 Safari/537.36"
localhost - - [06/Mar/2017:22:24:28] "GET /img/google-play-badge.svg HTTP/1.1" 404 758 "http://localhost:8080/" "Mozilla/5.0 (X11; Linux x86_64) AppleWebKit/537.36 (KHTML, like Gecko) Chrome/56.0.2924.87 Safari/537.36"
localhost - - [06/Mar/2017:22:24:28] "GET /img/app-store-badge.svg HTTP/1.1" 404 756 "http://localhost:8080/" "Mozilla/5.0 (X11; Linux x86_64) AppleWebKit/537.36 (KHTML, like Gecko) Chrome/56.0.2924.87 Safari/537.36"
localhost - - [06/Mar/2017:22:24:28] "GET /js/new-age.min.js HTTP/1.1" 404 750 "http://localhost:8080/" "Mozilla/5.0 (X11; Linux x86_64) AppleWebKit/537.36 (KHTML, like Gecko) Chrome/56.0.2924.87 Safari/537.36"
localhost - - [06/Mar/2017:22:24:28] "GET /img/bg-pattern.png HTTP/1.1" 404 751 "http://localhost:8080/css/new-age.min.css" "Mozilla/5.0 (X11; Linux x86_64) AppleWebKit/537.36 (KHTML, like Gecko) Chrome/56.0.2924.87 Safari/537.36"
localhost - - [06/Mar/2017:22:24:28] "GET /img/bg-cta.jpg HTTP/1.1" 404 747 "http://localhost:8080/css/new-age.min.css" "Mozilla/5.0 (X11; Linux x86_64) AppleWebKit/537.36 (KHTML, like Gecko) Chrome/56.0.2924.87 Safari/537.36"
localhost - - [06/Mar/2017:22:24:28] "GET /favicon.ico HTTP/1.1" 404 744 "http://localhost:8080/" "Mozilla/5.0 (X11; Linux x86_64) AppleWebKit/537.36 (KHTML, like Gecko) Chrome/56.0.2924.87 Safari/537.36"
localhost - - [06/Mar/2017:22:26:45] "GET / HTTP/1.1" 200 10340 "" "Mozilla/5.0 (X11; Linux x86_64) AppleWebKit/537.36 (KHTML, like Gecko) Chrome/56.0.2924.87 Safari/537.36"
localhost - - [06/Mar/2017:22:26:45] "GET /css/new-age.min.css HTTP/1.1" 200 7746 "http://localhost:8080/" "Mozilla/5.0 (X11; Linux x86_64) AppleWebKit/537.36 (KHTML, like Gecko) Chrome/56.0.2924.87 Safari/537.36"
localhost - - [06/Mar/2017:22:26:45] "GET /js/jquery.min.js HTTP/1.1" 404 749 "http://localhost:8080/" "Mozilla/5.0 (X11; Linux x86_64) AppleWebKit/537.36 (KHTML, like Gecko) Chrome/56.0.2924.87 Safari/537.36"
localhost - - [06/Mar/2017:22:26:45] "GET /js/new-age.min.js HTTP/1.1" 404 750 "http://localhost:8080/" "Mozilla/5.0 (X11; Linux x86_64) AppleWebKit/537.36 (KHTML, like Gecko) Chrome/56.0.2924.87 Safari/537.36"
localhost - - [06/Mar/2017:22:26:45] "GET /img/demo-screen-1.jpg HTTP/1.1" 404 754 "http://localhost:8080/" "Mozilla/5.0 (X11; Linux x86_64) AppleWebKit/537.36 (KHTML, like Gecko) Chrome/56.0.2924.87 Safari/537.36"
localhost - - [06/Mar/2017:22:26:45] "GET /img/bg-pattern.png HTTP/1.1" 404 751 "http://localhost:8080/css/new-age.min.css" "Mozilla/5.0 (X11; Linux x86_64) AppleWebKit/537.36 (KHTML, like Gecko) Chrome/56.0.2924.87 Safari/537.36"
localhost - - [06/Mar/2017:22:26:45] "GET /img/bg-cta.jpg HTTP/1.1" 404 747 "http://localhost:8080/css/new-age.min.css" "Mozilla/5.0 (X11; Linux x86_64) AppleWebKit/537.36 (KHTML, like Gecko) Chrome/56.0.2924.87 Safari/537.36"
localhost - - [06/Mar/2017:22:26:45] "GET /favicon.ico HTTP/1.1" 404 744 "http://localhost:8080/" "Mozilla/5.0 (X11; Linux x86_64) AppleWebKit/537.36 (KHTML, like Gecko) Chrome/56.0.2924.87 Safari/537.36"
localhost - - [06/Mar/2017:22:27:05] "GET / HTTP/1.1" 200 10349 "" "Mozilla/5.0 (X11; Linux x86_64) AppleWebKit/537.36 (KHTML, like Gecko) Chrome/56.0.2924.87 Safari/537.36"
localhost - - [06/Mar/2017:22:27:05] "GET /css/new-age.min.css HTTP/1.1" 200 7746 "http://localhost:8080/" "Mozilla/5.0 (X11; Linux x86_64) AppleWebKit/537.36 (KHTML, like Gecko) Chrome/56.0.2924.87 Safari/537.36"
localhost - - [06/Mar/2017:22:27:05] "GET /js/jquery.min.js HTTP/1.1" 404 749 "http://localhost:8080/" "Mozilla/5.0 (X11; Linux x86_64) AppleWebKit/537.36 (KHTML, like Gecko) Chrome/56.0.2924.87 Safari/537.36"
localhost - - [06/Mar/2017:22:27:05] "GET /js/new-age.min.js HTTP/1.1" 404 750 "http://localhost:8080/" "Mozilla/5.0 (X11; Linux x86_64) AppleWebKit/537.36 (KHTML, like Gecko) Chrome/56.0.2924.87 Safari/537.36"
localhost - - [06/Mar/2017:22:27:06] "GET /js/new-age.min.js HTTP/1.1" 404 750 "http://localhost:8080/" "Mozilla/5.0 (X11; Linux x86_64) AppleWebKit/537.36 (KHTML, like Gecko) Chrome/56.0.2924.87 Safari/537.36"
localhost - - [06/Mar/2017:22:27:06] "GET /img/bg-pattern.png HTTP/1.1" 404 751 "http://localhost:8080/css/new-age.min.css" "Mozilla/5.0 (X11; Linux x86_64) AppleWebKit/537.36 (KHTML, like Gecko) Chrome/56.0.2924.87 Safari/537.36"
localhost - - [06/Mar/2017:22:27:06] "GET /img/bg-cta.jpg HTTP/1.1" 404 747 "http://localhost:8080/css/new-age.min.css" "Mozilla/5.0 (X11; Linux x86_64) AppleWebKit/537.36 (KHTML, like Gecko) Chrome/56.0.2924.87 Safari/537.36"
localhost - - [06/Mar/2017:22:27:06] "GET /favicon.ico HTTP/1.1" 404 744 "http://localhost:8080/" "Mozilla/5.0 (X11; Linux x86_64) AppleWebKit/537.36 (KHTML, like Gecko) Chrome/56.0.2924.87 Safari/537.36"
localhost - - [06/Mar/2017:22:31:38] "GET / HTTP/1.1" 200 10283 "" "Mozilla/5.0 (X11; Linux x86_64) AppleWebKit/537.36 (KHTML, like Gecko) Chrome/56.0.2924.87 Safari/537.36"
localhost - - [06/Mar/2017:22:31:38] "GET /css/new-age.min.css HTTP/1.1" 304 - "http://localhost:8080/" "Mozilla/5.0 (X11; Linux x86_64) AppleWebKit/537.36 (KHTML, like Gecko) Chrome/56.0.2924.87 Safari/537.36"
localhost - - [06/Mar/2017:22:31:38] "GET /js/jquery.min.js HTTP/1.1" 404 749 "http://localhost:8080/" "Mozilla/5.0 (X11; Linux x86_64) AppleWebKit/537.36 (KHTML, like Gecko) Chrome/56.0.2924.87 Safari/537.36"
localhost - - [06/Mar/2017:22:31:38] "GET /js/new-age.min.js HTTP/1.1" 404 750 "http://localhost:8080/" "Mozilla/5.0 (X11; Linux x86_64) AppleWebKit/537.36 (KHTML, like Gecko) Chrome/56.0.2924.87 Safari/537.36"
localhost - - [06/Mar/2017:22:31:38] "GET /img/demo-screen-1.jpg HTTP/1.1" 200 183488 "http://localhost:8080/" "Mozilla/5.0 (X11; Linux x86_64) AppleWebKit/537.36 (KHTML, like Gecko) Chrome/56.0.2924.87 Safari/537.36"
localhost - - [06/Mar/2017:22:31:38] "GET /img/google-play-badge.svg HTTP/1.1" 200 7068 "http://localhost:8080/" "Mozilla/5.0 (X11; Linux x86_64) AppleWebKit/537.36 (KHTML, like Gecko) Chrome/56.0.2924.87 Safari/537.36"
localhost - - [06/Mar/2017:22:31:38] "GET /img/app-store-badge.svg HTTP/1.1" 200 12353 "http://localhost:8080/" "Mozilla/5.0 (X11; Linux x86_64) AppleWebKit/537.36 (KHTML, like Gecko) Chrome/56.0.2924.87 Safari/537.36"
localhost - - [06/Mar/2017:22:31:38] "GET /img/bg-pattern.png HTTP/1.1" 200 633 "http://localhost:8080/css/new-age.min.css" "Mozilla/5.0 (X11; Linux x86_64) AppleWebKit/537.36 (KHTML, like Gecko) Chrome/56.0.2924.87 Safari/537.36"
localhost - - [06/Mar/2017:22:31:38] "GET /img/bg-cta.jpg HTTP/1.1" 200 336572 "http://localhost:8080/css/new-age.min.css" "Mozilla/5.0 (X11; Linux x86_64) AppleWebKit/537.36 (KHTML, like Gecko) Chrome/56.0.2924.87 Safari/537.36"
localhost - - [06/Mar/2017:22:31:38] "GET /js/new-age.min.js HTTP/1.1" 404 750 "http://localhost:8080/" "Mozilla/5.0 (X11; Linux x86_64) AppleWebKit/537.36 (KHTML, like Gecko) Chrome/56.0.2924.87 Safari/537.36"
localhost - - [06/Mar/2017:22:31:40] "GET / HTTP/1.1" 200 10283 "" "Mozilla/5.0 (X11; Linux x86_64) AppleWebKit/537.36 (KHTML, like Gecko) Chrome/56.0.2924.87 Safari/537.36"
localhost - - [06/Mar/2017:22:31:40] "GET /css/new-age.min.css HTTP/1.1" 200 7746 "http://localhost:8080/" "Mozilla/5.0 (X11; Linux x86_64) AppleWebKit/537.36 (KHTML, like Gecko) Chrome/56.0.2924.87 Safari/537.36"
localhost - - [06/Mar/2017:22:31:40] "GET /js/jquery.min.js HTTP/1.1" 404 749 "http://localhost:8080/" "Mozilla/5.0 (X11; Linux x86_64) AppleWebKit/537.36 (KHTML, like Gecko) Chrome/56.0.2924.87 Safari/537.36"
localhost - - [06/Mar/2017:22:31:40] "GET /js/new-age.min.js HTTP/1.1" 404 750 "http://localhost:8080/" "Mozilla/5.0 (X11; Linux x86_64) AppleWebKit/537.36 (KHTML, like Gecko) Chrome/56.0.2924.87 Safari/537.36"
localhost - - [06/Mar/2017:22:31:40] "GET /img/demo-screen-1.jpg HTTP/1.1" 200 183488 "http://localhost:8080/" "Mozilla/5.0 (X11; Linux x86_64) AppleWebKit/537.36 (KHTML, like Gecko) Chrome/56.0.2924.87 Safari/537.36"
localhost - - [06/Mar/2017:22:31:40] "GET /img/google-play-badge.svg HTTP/1.1" 200 7068 "http://localhost:8080/" "Mozilla/5.0 (X11; Linux x86_64) AppleWebKit/537.36 (KHTML, like Gecko) Chrome/56.0.2924.87 Safari/537.36"
localhost - - [06/Mar/2017:22:31:40] "GET /img/app-store-badge.svg HTTP/1.1" 200 12353 "http://localhost:8080/" "Mozilla/5.0 (X11; Linux x86_64) AppleWebKit/537.36 (KHTML, like Gecko) Chrome/56.0.2924.87 Safari/537.36"
localhost - - [06/Mar/2017:22:31:40] "GET /js/new-age.min.js HTTP/1.1" 404 750 "http://localhost:8080/" "Mozilla/5.0 (X11; Linux x86_64) AppleWebKit/537.36 (KHTML, like Gecko) Chrome/56.0.2924.87 Safari/537.36"
localhost - - [06/Mar/2017:22:31:40] "GET /img/bg-pattern.png HTTP/1.1" 200 633 "http://localhost:8080/css/new-age.min.css" "Mozilla/5.0 (X11; Linux x86_64) AppleWebKit/537.36 (KHTML, like Gecko) Chrome/56.0.2924.87 Safari/537.36"
localhost - - [06/Mar/2017:22:31:40] "GET /img/bg-cta.jpg HTTP/1.1" 200 336572 "http://localhost:8080/css/new-age.min.css" "Mozilla/5.0 (X11; Linux x86_64) AppleWebKit/537.36 (KHTML, like Gecko) Chrome/56.0.2924.87 Safari/537.36"
localhost - - [06/Mar/2017:22:31:40] "GET /favicon.ico HTTP/1.1" 404 744 "http://localhost:8080/" "Mozilla/5.0 (X11; Linux x86_64) AppleWebKit/537.36 (KHTML, like Gecko) Chrome/56.0.2924.87 Safari/537.36"
localhost - - [06/Mar/2017:22:32:33] "GET / HTTP/1.1" 200 10283 "" "Mozilla/5.0 (X11; Linux x86_64) AppleWebKit/537.36 (KHTML, like Gecko) Chrome/56.0.2924.87 Safari/537.36"
localhost - - [06/Mar/2017:22:32:33] "GET /css/new-age.min.css HTTP/1.1" 304 - "http://localhost:8080/" "Mozilla/5.0 (X11; Linux x86_64) AppleWebKit/537.36 (KHTML, like Gecko) Chrome/56.0.2924.87 Safari/537.36"
localhost - - [06/Mar/2017:22:32:33] "GET /js/jquery.min.js HTTP/1.1" 404 749 "http://localhost:8080/" "Mozilla/5.0 (X11; Linux x86_64) AppleWebKit/537.36 (KHTML, like Gecko) Chrome/56.0.2924.87 Safari/537.36"
localhost - - [06/Mar/2017:22:32:33] "GET /js/new-age.min.js HTTP/1.1" 404 750 "http://localhost:8080/" "Mozilla/5.0 (X11; Linux x86_64) AppleWebKit/537.36 (KHTML, like Gecko) Chrome/56.0.2924.87 Safari/537.36"
localhost - - [06/Mar/2017:22:32:33] "GET /js/new-age.min.js HTTP/1.1" 404 750 "http://localhost:8080/" "Mozilla/5.0 (X11; Linux x86_64) AppleWebKit/537.36 (KHTML, like Gecko) Chrome/56.0.2924.87 Safari/537.36"
localhost - - [06/Mar/2017:22:34:18] "GET / HTTP/1.1" 200 10283 "" "Mozilla/5.0 (X11; Linux x86_64) AppleWebKit/537.36 (KHTML, like Gecko) Chrome/56.0.2924.87 Safari/537.36"
localhost - - [06/Mar/2017:22:34:18] "GET /css/new-age.min.css HTTP/1.1" 200 7746 "http://localhost:8080/" "Mozilla/5.0 (X11; Linux x86_64) AppleWebKit/537.36 (KHTML, like Gecko) Chrome/56.0.2924.87 Safari/537.36"
localhost - - [06/Mar/2017:22:34:18] "GET /js/jquery.min.js HTTP/1.1" 404 749 "http://localhost:8080/" "Mozilla/5.0 (X11; Linux x86_64) AppleWebKit/537.36 (KHTML, like Gecko) Chrome/56.0.2924.87 Safari/537.36"
localhost - - [06/Mar/2017:22:34:18] "GET /js/new-age.min.js HTTP/1.1" 200 633 "http://localhost:8080/" "Mozilla/5.0 (X11; Linux x86_64) AppleWebKit/537.36 (KHTML, like Gecko) Chrome/56.0.2924.87 Safari/537.36"
localhost - - [06/Mar/2017:22:34:18] "GET /img/demo-screen-1.jpg HTTP/1.1" 200 183488 "http://localhost:8080/" "Mozilla/5.0 (X11; Linux x86_64) AppleWebKit/537.36 (KHTML, like Gecko) Chrome/56.0.2924.87 Safari/537.36"
localhost - - [06/Mar/2017:22:34:18] "GET /img/google-play-badge.svg HTTP/1.1" 200 7068 "http://localhost:8080/" "Mozilla/5.0 (X11; Linux x86_64) AppleWebKit/537.36 (KHTML, like Gecko) Chrome/56.0.2924.87 Safari/537.36"
localhost - - [06/Mar/2017:22:34:18] "GET /img/app-store-badge.svg HTTP/1.1" 200 12353 "http://localhost:8080/" "Mozilla/5.0 (X11; Linux x86_64) AppleWebKit/537.36 (KHTML, like Gecko) Chrome/56.0.2924.87 Safari/537.36"
localhost - - [06/Mar/2017:22:34:18] "GET /img/bg-pattern.png HTTP/1.1" 200 633 "http://localhost:8080/css/new-age.min.css" "Mozilla/5.0 (X11; Linux x86_64) AppleWebKit/537.36 (KHTML, like Gecko) Chrome/56.0.2924.87 Safari/537.36"
localhost - - [06/Mar/2017:22:34:18] "GET /img/bg-cta.jpg HTTP/1.1" 200 336572 "http://localhost:8080/css/new-age.min.css" "Mozilla/5.0 (X11; Linux x86_64) AppleWebKit/537.36 (KHTML, like Gecko) Chrome/56.0.2924.87 Safari/537.36"
localhost - - [06/Mar/2017:22:34:18] "GET /favicon.ico HTTP/1.1" 404 744 "http://localhost:8080/" "Mozilla/5.0 (X11; Linux x86_64) AppleWebKit/537.36 (KHTML, like Gecko) Chrome/56.0.2924.87 Safari/537.36"
